"app\\views\\hookups\\_form.html.erb"
"spec\\controllers\\welcome_controller_spec.rb"
"app\\models\\hookup.rb"
"spec\\helpers\\welcome_helper_spec.rb"
"app\\assets\\images\\love.png"
"app\\assets\\images\\love.jpg"
"app\\assets\\stylesheets\\application.css"
"app\\views\\welcome\\index.html.erb"
"app\\views\\hookups\\show.html.erb"
"db\\migrate\\20120928152212_create_hookups.rb"
"app\\assets\\javascripts\\welcome.js.coffee"
"config\\routes.rb"
"spec\\views\\welcome\\index.html.erb_spec.rb"
"app\\views\\layouts\\application.html.erb"
"app\\controllers\\people_controller.rb"
"app\\tabs\\tabulous.rb"
"app\\views\\people\\_form.html.erb"
"app\\controllers\\welcome_controller.rb"
"db\\schema.rb"
"app\\views\\hookups\\index.html.erb"
"app\\controllers\\hookups_controller.rb"
"app\\assets\\javascripts\\application.js"
"app\\views\\people\\index.html.erb"
"app\\models\\person.rb"
"app\\helpers\\welcome_helper.rb"
"app\\assets\\javascripts\\bootstrap.js"
